2019-01-02 16:35:54,551  INFO: CTP	交易服务器连接成功
2019-01-02 16:35:54,553  INFO: CTP	行情服务器连接成功
2019-01-02 16:35:54,553  INFO: CTP	行情服务器登录完成
2019-01-02 16:35:54,553  INFO: CTP	交易服务器登录完成
2019-01-02 16:35:54,553  INFO: CTP	结算信息确认完成
2019-01-02 16:35:54,636  INFO: CTP	交易合约信息获取完成
2019-01-02 16:36:24,684  INFO: MAIN_ENGINE	MongoDB连接失败
2019-01-02 16:37:49,004  INFO: MAIN_ENGINE	MongoDB连接成功
2019-01-02 16:37:49,012  INFO: CTP	交易服务器连接成功
2019-01-02 16:37:49,013  INFO: CTP	行情服务器连接成功
2019-01-02 16:37:49,014  INFO: CTP	行情服务器登录完成
2019-01-02 16:37:49,015  INFO: CTP	交易服务器登录完成
2019-01-02 16:37:49,018  INFO: CTP	结算信息确认完成
2019-01-02 16:37:49,022  INFO: CTP	交易合约信息获取完成
2019-01-03 08:31:15,716  INFO: CTP	交易服务器连接断开
2019-01-03 08:31:15,772  INFO: CTP	行情服务器连接断开
2019-01-03 08:31:18,604  INFO: CTP	行情服务器连接成功
2019-01-03 08:31:18,607  INFO: CTP	交易服务器连接成功
2019-01-03 08:31:18,612  INFO: CTP	交易服务器登录完成
2019-01-03 08:31:18,615  INFO: CTP	行情服务器登录完成
2019-01-03 08:31:18,624  INFO: CTP	结算信息确认完成
2019-01-03 08:31:18,728  INFO: CTP	交易合约信息获取完成
2019-01-03 09:00:31,222  INFO: CTP	行情服务器连接断开
2019-01-03 09:00:31,357  INFO: CTP	交易服务器连接断开
2019-01-03 09:52:19,902  INFO: CTP	交易服务器连接成功
2019-01-03 09:52:22,917  INFO: CTP	交易服务器连接断开
2019-01-03 10:15:30,207  INFO: CTP	交易服务器连接成功
2019-01-03 10:15:33,894  INFO: CTP	交易服务器连接断开
2019-01-03 11:07:00,152  INFO: CTP	交易服务器连接成功
2019-01-03 11:07:03,767  INFO: CTP	交易服务器连接断开
2019-01-03 11:29:38,609  INFO: CTP	行情服务器连接成功
2019-01-03 11:29:41,764  INFO: CTP	行情服务器连接断开
2019-01-03 11:39:43,611  INFO: CTP	行情服务器连接成功
2019-01-03 11:39:46,706  INFO: CTP	行情服务器连接断开
2019-01-03 11:44:47,156  INFO: CTP	行情服务器连接成功
2019-01-03 11:44:50,700  INFO: CTP	行情服务器连接断开
2019-01-03 12:55:36,785  INFO: CTP	行情服务器连接成功
2019-01-03 12:55:40,565  INFO: CTP	行情服务器连接断开
2019-01-03 13:11:18,161  INFO: CTP	交易服务器连接成功
2019-01-03 13:11:21,558  INFO: CTP	交易服务器连接断开
2019-01-03 13:21:29,466  INFO: CTP	交易服务器连接成功
2019-01-03 13:21:32,566  INFO: CTP	交易服务器连接断开
2019-01-03 13:31:34,553  INFO: CTP	交易服务器连接成功
2019-01-03 13:31:38,502  INFO: CTP	交易服务器连接断开
2019-01-03 14:03:51,945  INFO: CTP	交易服务器连接成功
2019-01-03 14:03:55,462  INFO: CTP	交易服务器连接断开
2019-01-03 14:08:52,209  INFO: CTP	行情服务器连接成功
2019-01-03 14:08:55,460  INFO: CTP	行情服务器连接断开
2019-01-03 14:12:20,762  INFO: CTP	行情服务器连接成功
2019-01-03 14:12:20,959  INFO: CTP	行情服务器登录完成
2019-01-03 14:12:23,296  INFO: CTP	交易服务器连接成功
2019-01-03 14:12:43,301  INFO: CTP	行情服务器连接断开
2019-01-03 14:12:43,315  INFO: CTP	交易服务器连接断开
2019-01-03 14:12:43,318  INFO: CTP	行情服务器连接成功
2019-01-03 14:12:43,324  INFO: CTP	交易服务器连接成功
2019-01-03 14:12:43,329  INFO: CTP	行情服务器登录完成
2019-01-04 09:00:10,992  INFO: CTP	交易服务器连接断开
2019-01-04 09:00:11,060  INFO: CTP	行情服务器连接断开
2019-01-04 11:50:26,214  INFO: CTP	行情服务器连接成功
2019-01-04 11:50:30,056  INFO: CTP	行情服务器连接断开
2019-01-04 14:12:36,363  INFO: CTP	交易服务器连接成功
2019-01-04 14:12:36,436  INFO: CTP	行情服务器连接成功
2019-01-04 14:12:36,454  INFO: CTP	行情服务器登录完成
2019-01-04 14:12:58,207  INFO: CTP	交易服务器连接断开
2019-01-04 14:12:58,210  INFO: CTP	行情服务器连接断开
2019-01-04 14:12:58,223  INFO: CTP	交易服务器连接成功
2019-01-04 14:12:58,242  INFO: CTP	行情服务器连接成功
2019-01-04 14:12:58,254  INFO: CTP	行情服务器登录完成
2019-01-06 15:55:47,505  INFO: CTP	行情服务器连接断开
2019-01-06 15:55:48,497  INFO: CTP	交易服务器连接断开
2019-01-06 15:55:57,451  INFO: CTP	行情服务器连接成功
2019-01-06 15:55:57,475  INFO: CTP	交易服务器连接成功
2019-01-06 15:55:57,478  INFO: CTP	行情服务器登录完成
2019-01-07 08:57:50,665  INFO: CTP	行情服务器连接断开
2019-01-07 08:57:51,358  INFO: CTP	交易服务器连接断开
2019-01-07 08:57:58,306  INFO: CTP	行情服务器连接成功
2019-01-07 08:57:58,308  INFO: CTP	交易服务器连接成功
2019-01-07 08:57:58,312  INFO: CTP	行情服务器登录完成
2019-01-07 09:00:45,198  INFO: CTP	交易服务器连接断开
2019-01-07 09:00:45,483  INFO: CTP	行情服务器连接断开
2019-01-07 09:38:17,189  INFO: CTP	行情服务器连接成功
2019-01-07 09:38:20,284  INFO: CTP	行情服务器连接断开
2019-01-07 10:08:30,171  INFO: CTP	行情服务器连接成功
2019-01-07 10:08:33,182  INFO: CTP	行情服务器连接断开
2019-01-07 10:15:17,019  INFO: CTP	行情服务器连接成功
2019-01-07 10:15:20,185  INFO: CTP	行情服务器连接断开
2019-01-07 14:13:29,424  INFO: CTP	交易服务器连接成功
2019-01-07 14:13:30,202  INFO: CTP	行情服务器连接成功
2019-01-07 14:13:30,204  INFO: CTP	行情服务器登录完成
2019-01-07 14:13:47,875  INFO: CTP	行情服务器连接断开
2019-01-07 14:13:47,877  INFO: CTP	行情服务器连接成功
2019-01-07 14:13:47,879  INFO: CTP	行情服务器登录完成
2019-01-07 14:13:48,051  INFO: CTP	交易服务器连接断开
2019-01-07 14:13:48,053  INFO: CTP	交易服务器连接成功
2019-01-08 09:00:27,223  INFO: CTP	交易服务器连接断开
2019-01-08 09:00:27,380  INFO: CTP	行情服务器连接断开
2019-01-08 09:27:25,983  INFO: CTP	交易服务器连接成功
2019-01-08 09:29:26,042  INFO: CTP	交易服务器连接断开
2019-01-08 09:32:28,573  INFO: CTP	行情服务器连接成功
2019-01-08 09:32:31,618  INFO: CTP	行情服务器连接断开
2019-01-08 09:57:50,533  INFO: CTP	行情服务器连接成功
2019-01-08 09:57:53,575  INFO: CTP	行情服务器连接断开
2019-01-08 10:48:36,724  INFO: CTP	行情服务器连接成功
2019-01-08 10:50:37,771  INFO: CTP	行情服务器连接断开
2019-01-08 11:08:52,528  INFO: CTP	行情服务器连接成功
2019-01-08 11:08:56,424  INFO: CTP	行情服务器连接断开
