Determining if the pthread_create exist failed with the following output:
Change Dir: /myquant/ctp/vnpy/vnpy/api/ctp/build/CMakeFiles/CMakeTmp

Run Build Command:"/usr/bin/make" "cmTC_5f0f5/fast"
/usr/bin/make -f CMakeFiles/cmTC_5f0f5.dir/build.make CMakeFiles/cmTC_5f0f5.dir/build
make[1]: 进入目录“/myquant/ctp/vnpy/vnpy/api/ctp/build/CMakeFiles/CMakeTmp”
Building C object CMakeFiles/cmTC_5f0f5.dir/CheckSymbolExists.c.o
/usr/bin/cc    -o CMakeFiles/cmTC_5f0f5.dir/CheckSymbolExists.c.o   -c /myquant/ctp/vnpy/vnpy/api/ctp/build/CMakeFiles/CMakeTmp/CheckSymbolExists.c
Linking C executable cmTC_5f0f5
/usr/bin/cmake -E cmake_link_script CMakeFiles/cmTC_5f0f5.dir/link.txt --verbose=1
/usr/bin/cc      -rdynamic CMakeFiles/cmTC_5f0f5.dir/CheckSymbolExists.c.o  -o cmTC_5f0f5 
/usr/bin/ld: CMakeFiles/cmTC_5f0f5.dir/CheckSymbolExists.c.o: in function `main':
CheckSymbolExists.c:(.text+0x1b): undefined reference to `pthread_create'
collect2: 错误：ld 返回 1
make[1]: *** [CMakeFiles/cmTC_5f0f5.dir/build.make:87：cmTC_5f0f5] 错误 1
make[1]: 离开目录“/myquant/ctp/vnpy/vnpy/api/ctp/build/CMakeFiles/CMakeTmp”
make: *** [Makefile:121：cmTC_5f0f5/fast] 错误 2

File /myquant/ctp/vnpy/vnpy/api/ctp/build/CMakeFiles/CMakeTmp/CheckSymbolExists.c:
/* */
#include <pthread.h>

int main(int argc, char** argv)
{
  (void)argv;
#ifndef pthread_create
  return ((int*)(&pthread_create))[argc];
#else
  (void)argc;
  return 0;
#endif
}

Determining if the function pthread_create exists in the pthreads failed with the following output:
Change Dir: /myquant/ctp/vnpy/vnpy/api/ctp/build/CMakeFiles/CMakeTmp

Run Build Command:"/usr/bin/make" "cmTC_760ad/fast"
/usr/bin/make -f CMakeFiles/cmTC_760ad.dir/build.make CMakeFiles/cmTC_760ad.dir/build
make[1]: 进入目录“/myquant/ctp/vnpy/vnpy/api/ctp/build/CMakeFiles/CMakeTmp”
Building C object CMakeFiles/cmTC_760ad.dir/CheckFunctionExists.c.o
/usr/bin/cc   -DCHECK_FUNCTION_EXISTS=pthread_create   -o CMakeFiles/cmTC_760ad.dir/CheckFunctionExists.c.o   -c /usr/share/cmake-3.13/Modules/CheckFunctionExists.c
Linking C executable cmTC_760ad
/usr/bin/cmake -E cmake_link_script CMakeFiles/cmTC_760ad.dir/link.txt --verbose=1
/usr/bin/cc  -DCHECK_FUNCTION_EXISTS=pthread_create    -rdynamic CMakeFiles/cmTC_760ad.dir/CheckFunctionExists.c.o  -o cmTC_760ad -lpthreads 
/usr/bin/ld: 找不到 -lpthreads
collect2: 错误：ld 返回 1
make[1]: *** [CMakeFiles/cmTC_760ad.dir/build.make:87：cmTC_760ad] 错误 1
make[1]: 离开目录“/myquant/ctp/vnpy/vnpy/api/ctp/build/CMakeFiles/CMakeTmp”
make: *** [Makefile:121：cmTC_760ad/fast] 错误 2


